\BOOKMARK [0][-]{chapter*.1}{\376\377\000A\000g\000r\000a\000d\000e\000c\000i\000m\000i\000e\000n\000t\000o\000s}{}% 1
\BOOKMARK [0][-]{chapter*.2}{\376\377\000R\000e\000s\000u\000m\000e\000n}{}% 2
\BOOKMARK [0][-]{chapter*.3}{\376\377\000A\000b\000s\000t\000r\000a\000c\000t}{}% 3
\BOOKMARK [0][-]{section*.4}{\376\377\000\315\000n\000d\000i\000c\000e\000\040\000g\000e\000n\000e\000r\000a\000l}{}% 4
\BOOKMARK [0][-]{section*.5}{\376\377\000\315\000n\000d\000i\000c\000e\000\040\000d\000e\000\040\000f\000i\000g\000u\000r\000a\000s}{}% 5
\BOOKMARK [0][-]{section*.6}{\376\377\000\315\000n\000d\000i\000c\000e\000\040\000d\000e\000\040\000t\000a\000b\000l\000a\000s}{}% 6
\BOOKMARK [0][-]{chapter*.7}{\376\377\000\315\000n\000d\000i\000c\000e\000\040\000d\000e\000\040\000c\000\363\000d\000i\000g\000o\000\040\000f\000u\000e\000n\000t\000e}{}% 7
\BOOKMARK [0][-]{chapter*.8}{\376\377\000\315\000n\000d\000i\000c\000e\000\040\000d\000e\000\040\000a\000l\000g\000o\000r\000i\000t\000m\000o\000s}{}% 8
\BOOKMARK [0][-]{chapter*.10}{\376\377\000L\000i\000s\000t\000a\000\040\000d\000e\000\040\000a\000c\000r\000\363\000n\000i\000m\000o\000s}{}% 9
\BOOKMARK [0][-]{chapter.11}{\376\377\0001\000\040\000I\000n\000t\000r\000o\000d\000u\000c\000c\000i\000\363\000n}{}% 10
\BOOKMARK [1][-]{section.12}{\376\377\0001\000.\0001\000\040\000O\000b\000j\000e\000t\000i\000v\000o\000s\000\040\000d\000e\000l\000\040\000p\000r\000o\000y\000e\000c\000t\000o}{chapter.11}% 11
\BOOKMARK [1][-]{section.13}{\376\377\0001\000.\0002\000\040\000E\000s\000t\000r\000u\000c\000t\000u\000r\000a\000\040\000d\000e\000\040\000l\000a\000\040\000m\000e\000m\000o\000r\000i\000a}{chapter.11}% 12
\BOOKMARK [0][-]{chapter.21}{\376\377\0002\000\040\000E\000s\000t\000a\000d\000o\000\040\000d\000e\000l\000\040\000a\000r\000t\000e}{}% 13
\BOOKMARK [1][-]{section.22}{\376\377\0002\000.\0001\000\040\000C\000r\000i\000p\000t\000o\000g\000r\000a\000f\000\355\000a}{chapter.21}% 14
\BOOKMARK [2][-]{subsection.23}{\376\377\0002\000.\0001\000.\0001\000\040\000C\000a\000r\000a\000c\000t\000e\000r\000\355\000s\000t\000i\000c\000a\000s}{section.22}% 15
\BOOKMARK [2][-]{subsection.24}{\376\377\0002\000.\0001\000.\0002\000\040\000M\000o\000d\000e\000l\000o\000s\000\040\000a\000c\000t\000u\000a\000l\000e\000s}{section.22}% 16
\BOOKMARK [2][-]{subsection.25}{\376\377\0002\000.\0001\000.\0003\000\040\000C\000o\000m\000p\000u\000t\000a\000c\000i\000\363\000n\000\040\000c\000u\000\341\000n\000t\000i\000c\000a}{section.22}% 17
\BOOKMARK [2][-]{subsection.26}{\376\377\0002\000.\0001\000.\0004\000\040\000C\000r\000i\000p\000t\000o\000g\000r\000a\000f\000\355\000a\000\040\000p\000o\000s\000t\000c\000u\000\341\000n\000t\000i\000c\000a}{section.22}% 18
\BOOKMARK [3][-]{subsubsection.27}{\376\377\0002\000.\0001\000.\0004\000.\0001\000\040\000D\000i\000l\000i\000t\000h\000i\000u\000m}{subsection.26}% 19
\BOOKMARK [3][-]{subsubsection.38}{\376\377\0002\000.\0001\000.\0004\000.\0002\000\040\000K\000y\000b\000e\000r}{subsection.26}% 20
\BOOKMARK [3][-]{subsubsection.42}{\376\377\0002\000.\0001\000.\0004\000.\0003\000\040\000S\000p\000h\000i\000n\000c\000s}{subsection.26}% 21
\BOOKMARK [3][-]{subsubsection.43}{\376\377\0002\000.\0001\000.\0004\000.\0004\000\040\000M\000c\000E\000l\000i\000e\000c\000e}{subsection.26}% 22
\BOOKMARK [3][-]{subsubsection.44}{\376\377\0002\000.\0001\000.\0004\000.\0005\000\040\000H\000Q\000C}{subsection.26}% 23
\BOOKMARK [3][-]{subsubsection.45}{\376\377\0002\000.\0001\000.\0004\000.\0006\000\040\000F\000a\000l\000c\000o\000n}{subsection.26}% 24
\BOOKMARK [1][-]{section.46}{\376\377\0002\000.\0002\000\040\000I\000o\000T}{chapter.21}% 25
\BOOKMARK [2][-]{subsection.47}{\376\377\0002\000.\0002\000.\0001\000\040\000E\000S\000P\0003\0002}{section.46}% 26
\BOOKMARK [2][-]{subsection.49}{\376\377\0002\000.\0002\000.\0002\000\040\000R\000P\0002\0000\0004\0000}{section.46}% 27
\BOOKMARK [2][-]{subsection.51}{\376\377\0002\000.\0002\000.\0003\000\040\000S\000T\000M\0003\0002}{section.46}% 28
\BOOKMARK [0][-]{chapter.53}{\376\377\0003\000\040\000D\000e\000s\000a\000r\000r\000o\000l\000l\000o}{}% 29
\BOOKMARK [1][-]{section.54}{\376\377\0003\000.\0001\000\040\000I\000n\000t\000r\000o\000d\000u\000c\000c\000i\000\363\000n}{chapter.53}% 30
\BOOKMARK [1][-]{section.55}{\376\377\0003\000.\0002\000\040\000S\000e\000l\000e\000c\000c\000i\000\363\000n\000\040\000d\000e\000\040\000d\000i\000s\000p\000o\000s\000i\000t\000i\000v\000o\000s}{chapter.53}% 31
\BOOKMARK [1][-]{section.56}{\376\377\0003\000.\0003\000\040\000E\000S\000P\0003\0002}{chapter.53}% 32
\BOOKMARK [2][-]{subsection.57}{\376\377\0003\000.\0003\000.\0001\000\040\000E\000S\000P\000-\000I\000D\000F}{section.56}% 33
\BOOKMARK [3][-]{subsubsection.58}{\376\377\0003\000.\0003\000.\0001\000.\0001\000\040\000I\000D\000F\000\040\000F\000r\000e\000e\000R\000T\000O\000S}{subsection.57}% 34
\BOOKMARK [3][-]{subsubsection.59}{\376\377\0003\000.\0003\000.\0001\000.\0002\000\040\000I\000n\000s\000t\000a\000l\000a\000c\000i\000\363\000n}{subsection.57}% 35
\BOOKMARK [2][-]{subsection.76}{\376\377\0003\000.\0003\000.\0002\000\040\000E\000S\000P\000-\000P\000r\000o\000g}{section.56}% 36
\BOOKMARK [2][-]{subsection.78}{\376\377\0003\000.\0003\000.\0003\000\040\000D\000i\000l\000i\000t\000h\000i\000u\000m}{section.56}% 37
\BOOKMARK [3][-]{subsubsection.80}{\376\377\0003\000.\0003\000.\0003\000.\0001\000\040\000F\000i\000c\000h\000e\000r\000o\000s\000\040\000C\000M\000a\000k\000e}{subsection.78}% 38
\BOOKMARK [3][-]{subsubsection.89}{\376\377\0003\000.\0003\000.\0003\000.\0002\000\040\000G\000e\000n\000e\000r\000a\000c\000i\000\363\000n\000\040\000d\000e\000\040\000n\000\372\000m\000e\000r\000o\000s\000\040\000a\000l\000e\000a\000t\000o\000r\000i\000o\000s}{subsection.78}% 39
\BOOKMARK [3][-]{subsubsection.134}{\376\377\0003\000.\0003\000.\0003\000.\0003\000\040\000F\000i\000c\000h\000e\000r\000o\000\040\000d\000e\000\040\000c\000o\000m\000p\000r\000o\000b\000a\000c\000i\000\363\000n}{subsection.78}% 40
\BOOKMARK [3][-]{subsubsection.202}{\376\377\0003\000.\0003\000.\0003\000.\0004\000\040\000U\000s\000o\000\040\000d\000e\000\040\000m\000e\000m\000o\000r\000i\000a\000\040\000d\000i\000n\000\341\000m\000i\000c\000a}{subsection.78}% 41
\BOOKMARK [3][-]{subsubsection.297}{\376\377\0003\000.\0003\000.\0003\000.\0005\000\040\000C\000o\000m\000p\000r\000o\000b\000a\000c\000i\000\363\000n\000\040\000d\000e\000l\000\040\000a\000l\000g\000o\000r\000i\000t\000m\000o}{subsection.78}% 42
\BOOKMARK [2][-]{subsection.298}{\376\377\0003\000.\0003\000.\0004\000\040\000K\000y\000b\000e\000r}{section.56}% 43
\BOOKMARK [3][-]{subsubsection.300}{\376\377\0003\000.\0003\000.\0004\000.\0001\000\040\000F\000i\000c\000h\000e\000r\000o\000s\000\040\000C\000M\000a\000k\000e}{subsection.298}% 44
\BOOKMARK [3][-]{subsubsection.309}{\376\377\0003\000.\0003\000.\0004\000.\0002\000\040\000G\000e\000n\000e\000r\000a\000c\000i\000\363\000n\000\040\000d\000e\000\040\000n\000\372\000m\000e\000r\000o\000s\000\040\000a\000l\000e\000a\000t\000o\000r\000i\000o\000s}{subsection.298}% 45
\BOOKMARK [3][-]{subsubsection.310}{\376\377\0003\000.\0003\000.\0004\000.\0003\000\040\000F\000i\000c\000h\000e\000r\000o\000\040\000d\000e\000\040\000c\000o\000m\000p\000r\000o\000b\000a\000c\000i\000\363\000n}{subsection.298}% 46
\BOOKMARK [3][-]{subsubsection.386}{\376\377\0003\000.\0003\000.\0004\000.\0004\000\040\000U\000s\000o\000\040\000d\000e\000\040\000m\000e\000m\000o\000r\000i\000a\000\040\000d\000i\000n\000\341\000m\000i\000c\000a}{subsection.298}% 47
\BOOKMARK [3][-]{subsubsection.454}{\376\377\0003\000.\0003\000.\0004\000.\0005\000\040\000C\000o\000m\000p\000r\000o\000b\000a\000c\000i\000\363\000n\000\040\000d\000e\000l\000\040\000a\000l\000g\000o\000r\000i\000t\000m\000o}{subsection.298}% 48
\BOOKMARK [1][-]{section.455}{\376\377\0003\000.\0004\000\040\000R\000P\0002\0000\0004\0000}{chapter.53}% 49
\BOOKMARK [2][-]{subsection.456}{\376\377\0003\000.\0004\000.\0001\000\040\000P\000i\000c\000o\000\040\000S\000D\000K}{section.455}% 50
\BOOKMARK [2][-]{subsection.470}{\376\377\0003\000.\0004\000.\0002\000\040\000H\000Q\000C\000-\0001\0002\0008}{section.455}% 51
\BOOKMARK [3][-]{subsubsection.472}{\376\377\0003\000.\0004\000.\0002\000.\0001\000\040\000F\000i\000c\000h\000e\000r\000o\000\040\000C\000M\000a\000k\000e}{subsection.470}% 52
\BOOKMARK [3][-]{subsubsection.517}{\376\377\0003\000.\0004\000.\0002\000.\0002\000\040\000G\000e\000n\000e\000r\000a\000c\000i\000\363\000n\000\040\000d\000e\000\040\000n\000\372\000m\000e\000r\000o\000s\000\040\000a\000l\000e\000a\000t\000o\000r\000i\000o\000s}{subsection.470}% 53
\BOOKMARK [3][-]{subsubsection.534}{\376\377\0003\000.\0004\000.\0002\000.\0003\000\040\000F\000i\000c\000h\000e\000r\000o\000\040\000d\000e\000\040\000c\000o\000m\000p\000r\000o\000b\000a\000c\000i\000\363\000n}{subsection.470}% 54
\BOOKMARK [3][-]{subsubsection.619}{\376\377\0003\000.\0004\000.\0002\000.\0004\000\040\000C\000o\000m\000p\000r\000o\000b\000a\000c\000i\000\363\000n\000\040\000d\000e\000l\000\040\000a\000l\000g\000o\000r\000i\000t\000m\000o}{subsection.470}% 55
\BOOKMARK [2][-]{subsection.620}{\376\377\0003\000.\0004\000.\0003\000\040\000M\000c\000E\000l\000i\000e\000c\000e\0003\0004\0008\0008\0006\0004}{section.455}% 56
\BOOKMARK [3][-]{subsubsection.622}{\376\377\0003\000.\0004\000.\0003\000.\0001\000\040\000G\000e\000n\000e\000r\000a\000c\000i\000\363\000n\000\040\000d\000e\000\040\000n\000\372\000m\000e\000r\000o\000s\000\040\000a\000l\000e\000a\000t\000o\000r\000i\000o\000s}{subsection.620}% 57
\BOOKMARK [3][-]{subsubsection.646}{\376\377\0003\000.\0004\000.\0003\000.\0002\000\040\000F\000i\000c\000h\000e\000r\000o\000\040\000C\000M\000a\000k\000e}{subsection.620}% 58
\BOOKMARK [3][-]{subsubsection.698}{\376\377\0003\000.\0004\000.\0003\000.\0003\000\040\000F\000i\000c\000h\000e\000r\000o\000\040\000d\000e\000\040\000c\000o\000m\000p\000r\000o\000b\000a\000c\000i\000\363\000n}{subsection.620}% 59
\BOOKMARK [3][-]{subsubsection.699}{\376\377\0003\000.\0004\000.\0003\000.\0004\000\040\000C\000o\000m\000p\000r\000o\000b\000a\000c\000i\000\363\000n\000\040\000d\000e\000l\000\040\000a\000l\000g\000o\000r\000i\000t\000m\000o}{subsection.620}% 60
\BOOKMARK [2][-]{subsection.700}{\376\377\0003\000.\0004\000.\0004\000\040\000S\000p\000h\000i\000n\000c\000s}{section.455}% 61
\BOOKMARK [3][-]{subsubsection.702}{\376\377\0003\000.\0004\000.\0004\000.\0001\000\040\000F\000i\000c\000h\000e\000r\000o\000\040\000C\000M\000a\000k\000e}{subsection.700}% 62
\BOOKMARK [3][-]{subsubsection.746}{\376\377\0003\000.\0004\000.\0004\000.\0002\000\040\000G\000e\000n\000e\000r\000a\000c\000i\000\363\000n\000\040\000d\000e\000\040\000n\000\372\000m\000e\000r\000o\000s\000\040\000a\000l\000e\000a\000t\000o\000r\000i\000o\000s}{subsection.700}% 63
\BOOKMARK [3][-]{subsubsection.761}{\376\377\0003\000.\0004\000.\0004\000.\0003\000\040\000F\000i\000c\000h\000e\000r\000o\000\040\000d\000e\000\040\000c\000o\000m\000p\000r\000o\000b\000a\000c\000i\000\363\000n}{subsection.700}% 64
\BOOKMARK [3][-]{subsubsection.822}{\376\377\0003\000.\0004\000.\0004\000.\0004\000\040\000C\000o\000m\000p\000r\000o\000b\000a\000c\000i\000\363\000n\000\040\000d\000e\000l\000\040\000a\000l\000g\000o\000r\000i\000t\000m\000o}{subsection.700}% 65
\BOOKMARK [1][-]{section.823}{\376\377\0003\000.\0005\000\040\000S\000T\000M\0003\0002}{chapter.53}% 66
\BOOKMARK [2][-]{subsection.824}{\376\377\0003\000.\0005\000.\0001\000\040\000K\000e\000i\000l\000\040\000u\000V\000i\000s\000i\000o\000n\0005}{section.823}% 67
\BOOKMARK [2][-]{subsection.825}{\376\377\0003\000.\0005\000.\0002\000\040\000M\000c\000E\000l\000i\000e\000c\000e\0003\0004\0008\0008\0006\0004}{section.823}% 68
\BOOKMARK [2][-]{subsection.826}{\376\377\0003\000.\0005\000.\0003\000\040\000P\000Q\000M\0004}{section.823}% 69
\BOOKMARK [0][-]{chapter.827}{\376\377\0004\000\040\000E\000v\000a\000l\000u\000a\000c\000i\000\363\000n\000\040\000y\000\040\000r\000e\000s\000u\000l\000t\000a\000d\000o\000s}{}% 70
\BOOKMARK [1][-]{section.828}{\376\377\0004\000.\0001\000\040\000P\000r\000u\000e\000b\000a\000s\000\040\000u\000n\000i\000t\000a\000r\000i\000a\000s\000\040\000d\000e\000\040\000c\000o\000m\000p\000r\000o\000b\000a\000c\000i\000\363\000n}{chapter.827}% 71
\BOOKMARK [1][-]{section.829}{\376\377\0004\000.\0002\000\040\000M\000e\000d\000i\000d\000a\000s\000\040\000d\000e\000\040\000e\000j\000e\000c\000u\000c\000i\000\363\000n}{chapter.827}% 72
\BOOKMARK [2][-]{subsection.830}{\376\377\0004\000.\0002\000.\0001\000\040\000C\000o\000n\000s\000u\000m\000o\000\040\000e\000n\000e\000r\000g\000\351\000t\000i\000c\000o}{section.829}% 73
\BOOKMARK [2][-]{subsection.831}{\376\377\0004\000.\0002\000.\0002\000\040\000T\000i\000e\000m\000p\000o\000\040\000n\000e\000c\000e\000s\000a\000r\000i\000o}{section.829}% 74
\BOOKMARK [0][-]{chapter.832}{\376\377\0005\000\040\000C\000o\000n\000c\000l\000u\000s\000i\000o\000n\000e\000s\000\040\000y\000\040\000l\000\355\000n\000e\000a\000s\000\040\000f\000u\000t\000u\000r\000a\000s}{}% 75
\BOOKMARK [1][-]{section.833}{\376\377\0005\000.\0001\000\040\000C\000o\000n\000c\000l\000u\000s\000i\000o\000n\000e\000s}{chapter.832}% 76
\BOOKMARK [1][-]{section.834}{\376\377\0005\000.\0002\000\040\000L\000\355\000n\000e\000a\000s\000\040\000f\000u\000t\000u\000r\000a\000s}{chapter.832}% 77
\BOOKMARK [0][-]{chapter*.835}{\376\377\000B\000i\000b\000l\000i\000o\000g\000r\000a\000f\000\355\000a}{}% 78
\BOOKMARK [0][-]{Appendix.836}{\376\377\000A\000p\000\351\000n\000d\000i\000c\000e\000\040\000A\000\040\000T\000e\000m\000p\000o\000r\000i\000z\000a\000c\000i\000\363\000n\000\040\000y\000\040\000p\000r\000e\000s\000u\000p\000u\000e\000s\000t\000o}{}% 79
\BOOKMARK [1][-]{section.837}{\376\377\000A\000.\0001\000\040\000P\000L\000a\000n\000i\000f\000i\000c\000a\000c\000i\000\363\000n\000\040\000t\000e\000m\000p\000o\000r\000a\000l}{Appendix.836}% 80
\BOOKMARK [1][-]{section.846}{\376\377\000A\000.\0002\000\040\000R\000e\000c\000u\000r\000s\000o\000s\000\040\000H\000a\000r\000d\000w\000a\000r\000e}{Appendix.836}% 81
\BOOKMARK [1][-]{section.848}{\376\377\000A\000.\0003\000\040\000R\000e\000c\000u\000r\000s\000o\000s\000\040\000H\000u\000m\000a\000n\000o\000s}{Appendix.836}% 82
\BOOKMARK [1][-]{section.850}{\376\377\000A\000.\0004\000\040\000P\000r\000e\000s\000u\000p\000u\000e\000s\000t\000o\000\040\000d\000e\000\040\000e\000j\000e\000c\000u\000c\000i\000\363\000n\000\040\000m\000a\000t\000e\000r\000i\000a\000l}{Appendix.836}% 83
